<?xml version="1.0" encoding="UTF-8"?>
<!-- Generated by org.testng.reporters.JUnitReportReporter -->
<testsuite hostname="mouleeswar" failures="0" tests="3" name="testCases.ValidInput" time="12.260" errors="0" timestamp="2025-08-23T19:28:51 IST" skipped="0">
  <testcase classname="testCases.ValidInput" name="login_Product" time="7.734"/>
  <testcase classname="testCases.ValidInput" name="searchProduct" time="4.381"/>
  <testcase classname="testCases.ValidInput" name="productValidation" time="0.145"/>
</testsuite> <!-- testCases.ValidInput -->
